<?xml version="1.0" encoding="UTF-8"?>
<coverage generated="1790307840434" clover="3.2.0">
  <project timestamp="1790307840434" name="All files">
    <metrics statements="96" coveredstatements="70" conditionals="68" coveredconditionals="34" methods="15" coveredmethods="10" elements="179" coveredelements="114" complexity="0" loc="96" ncloc="96" packages="1" files="3" classes="3"/>
    <file name="atlassianClient.ts" path="D:\source2026\mco\mcp-server\src\file:\D:\source2026\mco\mcp-server\src\atlassianClient.ts">
      <metrics statements="79" coveredstatements="70" conditionals="60" coveredconditionals="34" methods="11" coveredmethods="10"/>
      <line num="1" count="1" type="stmt"/>
      <line num="2" count="1" type="stmt"/>
      <line num="42" count="1" type="stmt"/>
      <line num="49" count="10" type="stmt"/>
      <line num="50" count="10" type="stmt"/>
      <line num="52" count="10" type="stmt"/>
      <line num="55" count="10" type="stmt"/>
      <line num="60" count="10" type="stmt"/>
      <line num="66" count="10" type="stmt"/>
      <line num="76" count="4" type="stmt"/>
      <line num="77" count="4" type="cond" truecount="1" falsecount="0"/>
      <line num="78" count="1" type="stmt"/>
      <line num="81" count="3" type="stmt"/>
      <line num="82" count="3" type="stmt"/>
      <line num="83" count="3" type="cond" truecount="0" falsecount="1"/>
      <line num="85" count="3" type="stmt"/>
      <line num="86" count="3" type="stmt"/>
      <line num="90" count="1" type="stmt"/>
      <line num="91" count="1" type="stmt"/>
      <line num="101" count="1" type="stmt"/>
      <line num="102" count="1" type="stmt"/>
      <line num="104" count="2" type="stmt"/>
      <line num="115" count="3" type="cond" truecount="1" falsecount="0"/>
      <line num="116" count="1" type="stmt"/>
      <line num="118" count="2" type="cond" truecount="1" falsecount="0"/>
      <line num="119" count="1" type="stmt"/>
      <line num="122" count="1" type="stmt"/>
      <line num="123" count="1" type="stmt"/>
      <line num="124" count="1" type="cond" truecount="0" falsecount="1"/>
      <line num="126" count="1" type="stmt"/>
      <line num="127" count="1" type="stmt"/>
      <line num="128" count="1" type="stmt"/>
      <line num="132" count="1" type="cond" truecount="1" falsecount="1"/>
      <line num="141" count="1" type="stmt"/>
      <line num="142" count="1" type="stmt"/>
      <line num="144" count="0" type="stmt"/>
      <line num="149" count="3" type="cond" truecount="1" falsecount="0"/>
      <line num="150" count="1" type="stmt"/>
      <line num="153" count="2" type="stmt"/>
      <line num="154" count="2" type="stmt"/>
      <line num="155" count="2" type="cond" truecount="0" falsecount="1"/>
      <line num="157" count="2" type="stmt"/>
      <line num="158" count="2" type="stmt"/>
      <line num="162" count="2" type="cond" truecount="1" falsecount="1"/>
      <line num="163" count="2" type="cond" truecount="3" falsecount="0"/>
      <line num="164" count="1" type="stmt"/>
      <line num="167" count="1" type="cond" truecount="1" falsecount="1"/>
      <line num="168" count="1" type="stmt"/>
      <line num="177" count="1" type="stmt"/>
      <line num="178" count="1" type="stmt"/>
      <line num="180" count="1" type="stmt"/>
      <line num="187" count="4" type="cond" truecount="0" falsecount="1"/>
      <line num="188" count="4" type="cond" truecount="0" falsecount="1"/>
      <line num="189" count="4" type="cond" truecount="2" falsecount="1"/>
      <line num="190" count="2" type="cond" truecount="1" falsecount="0"/>
      <line num="191" count="2" type="stmt"/>
      <line num="193" count="0" type="stmt"/>
      <line num="198" count="1" type="stmt"/>
      <line num="199" count="1" type="cond" truecount="0" falsecount="1"/>
      <line num="200" count="0" type="stmt"/>
      <line num="201" count="0" type="stmt"/>
      <line num="203" count="0" type="stmt"/>
      <line num="207" count="1" type="stmt"/>
      <line num="208" count="1" type="stmt"/>
      <line num="209" count="1" type="cond" truecount="1" falsecount="1"/>
      <line num="213" count="2" type="stmt"/>
      <line num="227" count="3" type="cond" truecount="3" falsecount="0"/>
      <line num="228" count="3" type="cond" truecount="1" falsecount="0"/>
      <line num="229" count="2" type="stmt"/>
      <line num="230" count="2" type="stmt"/>
      <line num="231" count="2" type="cond" truecount="3" falsecount="0"/>
      <line num="232" count="1" type="stmt"/>
      <line num="234" count="1" type="cond" truecount="1" falsecount="0"/>
      <line num="235" count="1" type="stmt"/>
      <line num="237" count="0" type="cond" truecount="0" falsecount="1"/>
      <line num="238" count="0" type="stmt"/>
      <line num="240" count="0" type="cond" truecount="0" falsecount="2"/>
      <line num="242" count="1" type="cond" truecount="1" falsecount="0"/>
      <line num="243" count="0" type="stmt"/>
    </file>
    <file name="config.ts" path="D:\source2026\mco\mcp-server\src\file:\D:\source2026\mco\mcp-server\src\config.ts">
      <metrics statements="12" coveredstatements="0" conditionals="8" coveredconditionals="0" methods="4" coveredmethods="0"/>
      <line num="1" count="0" type="stmt"/>
      <line num="2" count="0" type="stmt"/>
      <line num="4" count="0" type="stmt"/>
      <line num="19" count="0" type="cond" truecount="0" falsecount="1"/>
      <line num="20" count="0" type="stmt"/>
      <line num="23" count="0" type="stmt"/>
      <line num="24" count="0" type="stmt"/>
      <line num="36" count="0" type="stmt"/>
      <line num="37" count="0" type="cond" truecount="0" falsecount="1"/>
      <line num="38" count="0" type="stmt"/>
      <line num="39" count="0" type="stmt"/>
      <line num="41" count="0" type="stmt"/>
    </file>
    <file name="schemas.ts" path="D:\source2026\mco\mcp-server\src\file:\D:\source2026\mco\mcp-server\src\schemas.ts">
      <metrics statements="5" coveredstatements="0" conditionals="0" coveredconditionals="0" methods="0" coveredmethods="0"/>
      <line num="1" count="0" type="stmt"/>
      <line num="5" count="0" type="stmt"/>
      <line num="13" count="0" type="stmt"/>
      <line num="34" count="0" type="stmt"/>
      <line num="42" count="0" type="stmt"/>
    </file>
  </project>
</coverage>
