{"D:\\source2026\\mco\\mcp-server\\src\\file:\\D:\\source2026\\mco\\mcp-server\\src\\atlassianClient.ts": {"path":"D:\\source2026\\mco\\mcp-server\\src\\file:\\D:\\source2026\\mco\\mcp-server\\src\\atlassianClient.ts","statementMap":{"0":{"start":{"line":1,"column":0},"end":{"line":1,"column":45}},"1":{"start":{"line":2,"column":0},"end":{"line":2,"column":35}},"2":{"start":{"line":49,"column":4},"end":{"line":49,"column":25}},"3":{"start":{"line":50,"column":4},"end":{"line":50,"column":67}},"4":{"start":{"line":52,"column":23},"end":{"line":54,"column":24}},"5":{"start":{"line":55,"column":20},"end":{"line":58,"column":6}},"6":{"start":{"line":60,"column":4},"end":{"line":64,"column":7}},"7":{"start":{"line":66,"column":4},"end":{"line":70,"column":7}},"8":{"start":{"line":76,"column":23},"end":{"line":76,"column":45}},"9":{"start":{"line":77,"column":4},"end":{"line":79,"column":5}},"10":{"start":{"line":78,"column":6},"end":{"line":78,"column":74}},"11":{"start":{"line":81,"column":21},"end":{"line":81,"column":39}},"12":{"start":{"line":82,"column":19},"end":{"line":82,"column":54}},"13":{"start":{"line":83,"column":4},"end":{"line":83,"column":30}},"14":{"start":{"line":83,"column":16},"end":{"line":83,"column":30}},"15":{"start":{"line":85,"column":4},"end":{"line":105,"column":5}},"16":{"start":{"line":86,"column":23},"end":{"line":88,"column":8}},"17":{"start":{"line":90,"column":21},"end":{"line":90,"column":41}},"18":{"start":{"line":91,"column":31},"end":{"line":99,"column":8}},"19":{"start":{"line":101,"column":6},"end":{"line":101,"column":38}},"20":{"start":{"line":102,"column":6},"end":{"line":102,"column":19}},"21":{"start":{"line":104,"column":6},"end":{"line":104,"column":61}},"22":{"start":{"line":115,"column":4},"end":{"line":117,"column":5}},"23":{"start":{"line":116,"column":6},"end":{"line":116,"column":81}},"24":{"start":{"line":118,"column":4},"end":{"line":120,"column":5}},"25":{"start":{"line":119,"column":6},"end":{"line":119,"column":69}},"26":{"start":{"line":122,"column":21},"end":{"line":122,"column":70}},"27":{"start":{"line":123,"column":19},"end":{"line":123,"column":69}},"28":{"start":{"line":124,"column":4},"end":{"line":124,"column":30}},"29":{"start":{"line":124,"column":16},"end":{"line":124,"column":30}},"30":{"start":{"line":126,"column":4},"end":{"line":145,"column":5}},"31":{"start":{"line":127,"column":18},"end":{"line":127,"column":108}},"32":{"start":{"line":128,"column":23},"end":{"line":130,"column":8}},"33":{"start":{"line":132,"column":48},"end":{"line":139,"column":9}},"34":{"start":{"line":132,"column":95},"end":{"line":139,"column":8}},"35":{"start":{"line":141,"column":6},"end":{"line":141,"column":40}},"36":{"start":{"line":142,"column":6},"end":{"line":142,"column":21}},"37":{"start":{"line":144,"column":6},"end":{"line":144,"column":70}},"38":{"start":{"line":149,"column":4},"end":{"line":151,"column":5}},"39":{"start":{"line":150,"column":6},"end":{"line":150,"column":59}},"40":{"start":{"line":153,"column":21},"end":{"line":153,"column":48}},"41":{"start":{"line":154,"column":19},"end":{"line":154,"column":59}},"42":{"start":{"line":155,"column":4},"end":{"line":155,"column":30}},"43":{"start":{"line":155,"column":16},"end":{"line":155,"column":30}},"44":{"start":{"line":157,"column":4},"end":{"line":181,"column":5}},"45":{"start":{"line":158,"column":23},"end":{"line":160,"column":8}},"46":{"start":{"line":162,"column":31},"end":{"line":162,"column":61}},"47":{"start":{"line":163,"column":6},"end":{"line":165,"column":7}},"48":{"start":{"line":164,"column":8},"end":{"line":164,"column":104}},"49":{"start":{"line":167,"column":25},"end":{"line":167,"column":81}},"50":{"start":{"line":168,"column":35},"end":{"line":175,"column":8}},"51":{"start":{"line":177,"column":6},"end":{"line":177,"column":37}},"52":{"start":{"line":178,"column":6},"end":{"line":178,"column":18}},"53":{"start":{"line":180,"column":6},"end":{"line":180,"column":64}},"54":{"start":{"line":187,"column":4},"end":{"line":187,"column":28}},"55":{"start":{"line":187,"column":18},"end":{"line":187,"column":28}},"56":{"start":{"line":188,"column":4},"end":{"line":188,"column":52}},"57":{"start":{"line":188,"column":37},"end":{"line":188,"column":52}},"58":{"start":{"line":189,"column":4},"end":{"line":189,"column":59}},"59":{"start":{"line":189,"column":33},"end":{"line":189,"column":59}},"60":{"start":{"line":190,"column":4},"end":{"line":192,"column":5}},"61":{"start":{"line":191,"column":6},"end":{"line":191,"column":76}},"62":{"start":{"line":191,"column":45},"end":{"line":191,"column":64}},"63":{"start":{"line":193,"column":4},"end":{"line":193,"column":14}},"64":{"start":{"line":198,"column":19},"end":{"line":198,"column":46}},"65":{"start":{"line":199,"column":4},"end":{"line":205,"column":5}},"66":{"start":{"line":200,"column":19},"end":{"line":200,"column":43}},"67":{"start":{"line":201,"column":6},"end":{"line":204,"column":25}},"68":{"start":{"line":203,"column":28},"end":{"line":203,"column":36}},"69":{"start":{"line":207,"column":17},"end":{"line":207,"column":53}},"70":{"start":{"line":208,"column":20},"end":{"line":208,"column":58}},"71":{"start":{"line":209,"column":4},"end":{"line":209,"column":25}},"72":{"start":{"line":213,"column":4},"end":{"line":223,"column":14}},"73":{"start":{"line":227,"column":23},"end":{"line":227,"column":99}},"74":{"start":{"line":228,"column":4},"end":{"line":241,"column":5}},"75":{"start":{"line":229,"column":23},"end":{"line":229,"column":79}},"76":{"start":{"line":230,"column":21},"end":{"line":230,"column":46}},"77":{"start":{"line":231,"column":6},"end":{"line":233,"column":7}},"78":{"start":{"line":232,"column":8},"end":{"line":232,"column":100}},"79":{"start":{"line":234,"column":6},"end":{"line":236,"column":7}},"80":{"start":{"line":235,"column":8},"end":{"line":235,"column":60}},"81":{"start":{"line":237,"column":6},"end":{"line":239,"column":7}},"82":{"start":{"line":238,"column":8},"end":{"line":238,"column":95}},"83":{"start":{"line":240,"column":6},"end":{"line":240,"column":91}},"84":{"start":{"line":242,"column":4},"end":{"line":242,"column":41}},"85":{"start":{"line":242,"column":30},"end":{"line":242,"column":41}},"86":{"start":{"line":243,"column":4},"end":{"line":243,"column":58}},"87":{"start":{"line":42,"column":0},"end":{"line":42,"column":13}}},"fnMap":{"0":{"name":"(anonymous_1)","decl":{"start":{"line":48,"column":2},"end":{"line":48,"column":14}},"loc":{"start":{"line":48,"column":28},"end":{"line":71,"column":3}}},"1":{"name":"(anonymous_2)","decl":{"start":{"line":75,"column":2},"end":{"line":75,"column":7}},"loc":{"start":{"line":75,"column":37},"end":{"line":106,"column":3}}},"2":{"name":"(anonymous_3)","decl":{"start":{"line":110,"column":2},"end":{"line":110,"column":7}},"loc":{"start":{"line":113,"column":21},"end":{"line":146,"column":3}}},"3":{"name":"(anonymous_4)","decl":{"start":{"line":132,"column":82},"end":{"line":132,"column":83}},"loc":{"start":{"line":132,"column":95},"end":{"line":139,"column":8}}},"4":{"name":"(anonymous_5)","decl":{"start":{"line":148,"column":2},"end":{"line":148,"column":7}},"loc":{"start":{"line":148,"column":40},"end":{"line":182,"column":3}}},"5":{"name":"(anonymous_6)","decl":{"start":{"line":186,"column":10},"end":{"line":186,"column":21}},"loc":{"start":{"line":186,"column":34},"end":{"line":194,"column":3}}},"6":{"name":"(anonymous_7)","decl":{"start":{"line":191,"column":33},"end":{"line":191,"column":34}},"loc":{"start":{"line":191,"column":45},"end":{"line":191,"column":64}}},"7":{"name":"(anonymous_8)","decl":{"start":{"line":196,"column":10},"end":{"line":196,"column":35}},"loc":{"start":{"line":196,"column":47},"end":{"line":210,"column":3}}},"8":{"name":"(anonymous_9)","decl":{"start":{"line":203,"column":13},"end":{"line":203,"column":14}},"loc":{"start":{"line":203,"column":28},"end":{"line":203,"column":36}}},"9":{"name":"(anonymous_10)","decl":{"start":{"line":212,"column":10},"end":{"line":212,"column":19}},"loc":{"start":{"line":212,"column":32},"end":{"line":224,"column":3}}},"10":{"name":"(anonymous_11)","decl":{"start":{"line":226,"column":10},"end":{"line":226,"column":18}},"loc":{"start":{"line":226,"column":48},"end":{"line":244,"column":3}}}},"branchMap":{"0":{"loc":{"start":{"line":77,"column":4},"end":{"line":79,"column":5}},"type":"if","locations":[{"start":{"line":77,"column":4},"end":{"line":79,"column":5}}]},"1":{"loc":{"start":{"line":83,"column":4},"end":{"line":83,"column":30}},"type":"if","locations":[{"start":{"line":83,"column":4},"end":{"line":83,"column":30}}]},"2":{"loc":{"start":{"line":93,"column":17},"end":{"line":93,"column":37}},"type":"binary-expr","locations":[{"start":{"line":93,"column":17},"end":{"line":93,"column":31}},{"start":{"line":93,"column":35},"end":{"line":93,"column":37}}]},"3":{"loc":{"start":{"line":96,"column":16},"end":{"line":96,"column":48}},"type":"binary-expr","locations":[{"start":{"line":96,"column":16},"end":{"line":96,"column":35}},{"start":{"line":96,"column":39},"end":{"line":96,"column":48}}]},"4":{"loc":{"start":{"line":97,"column":16},"end":{"line":97,"column":35}},"type":"binary-expr","locations":[{"start":{"line":97,"column":16},"end":{"line":97,"column":29}},{"start":{"line":97,"column":33},"end":{"line":97,"column":35}}]},"5":{"loc":{"start":{"line":98,"column":19},"end":{"line":98,"column":54}},"type":"binary-expr","locations":[{"start":{"line":98,"column":19},"end":{"line":98,"column":41}},{"start":{"line":98,"column":45},"end":{"line":98,"column":54}}]},"6":{"loc":{"start":{"line":113,"column":4},"end":{"line":113,"column":21}},"type":"default-arg","locations":[{"start":{"line":113,"column":20},"end":{"line":113,"column":21}}]},"7":{"loc":{"start":{"line":115,"column":4},"end":{"line":117,"column":5}},"type":"if","locations":[{"start":{"line":115,"column":4},"end":{"line":117,"column":5}}]},"8":{"loc":{"start":{"line":118,"column":4},"end":{"line":120,"column":5}},"type":"if","locations":[{"start":{"line":118,"column":4},"end":{"line":120,"column":5}}]},"9":{"loc":{"start":{"line":124,"column":4},"end":{"line":124,"column":30}},"type":"if","locations":[{"start":{"line":124,"column":4},"end":{"line":124,"column":30}}]},"10":{"loc":{"start":{"line":132,"column":49},"end":{"line":132,"column":76}},"type":"binary-expr","locations":[{"start":{"line":132,"column":49},"end":{"line":132,"column":70}},{"start":{"line":132,"column":74},"end":{"line":132,"column":76}}]},"11":{"loc":{"start":{"line":135,"column":32},"end":{"line":135,"column":47}},"type":"binary-expr","locations":[{"start":{"line":135,"column":32},"end":{"line":135,"column":41}},{"start":{"line":135,"column":45},"end":{"line":135,"column":47}}]},"12":{"loc":{"start":{"line":136,"column":18},"end":{"line":136,"column":42}},"type":"binary-expr","locations":[{"start":{"line":136,"column":18},"end":{"line":136,"column":30}},{"start":{"line":136,"column":34},"end":{"line":136,"column":42}}]},"13":{"loc":{"start":{"line":137,"column":48},"end":{"line":137,"column":69}},"type":"binary-expr","locations":[{"start":{"line":137,"column":48},"end":{"line":137,"column":63}},{"start":{"line":137,"column":67},"end":{"line":137,"column":69}}]},"14":{"loc":{"start":{"line":138,"column":22},"end":{"line":138,"column":43}},"type":"binary-expr","locations":[{"start":{"line":138,"column":22},"end":{"line":138,"column":37}},{"start":{"line":138,"column":41},"end":{"line":138,"column":43}}]},"15":{"loc":{"start":{"line":149,"column":4},"end":{"line":151,"column":5}},"type":"if","locations":[{"start":{"line":149,"column":4},"end":{"line":151,"column":5}}]},"16":{"loc":{"start":{"line":155,"column":4},"end":{"line":155,"column":30}},"type":"if","locations":[{"start":{"line":155,"column":4},"end":{"line":155,"column":30}}]},"17":{"loc":{"start":{"line":162,"column":31},"end":{"line":162,"column":61}},"type":"binary-expr","locations":[{"start":{"line":162,"column":31},"end":{"line":162,"column":55}},{"start":{"line":162,"column":59},"end":{"line":162,"column":61}}]},"18":{"loc":{"start":{"line":163,"column":6},"end":{"line":165,"column":7}},"type":"if","locations":[{"start":{"line":163,"column":6},"end":{"line":165,"column":7}}]},"19":{"loc":{"start":{"line":163,"column":10},"end":{"line":163,"column":77}},"type":"binary-expr","locations":[{"start":{"line":163,"column":10},"end":{"line":163,"column":18}},{"start":{"line":163,"column":22},"end":{"line":163,"column":77}}]},"20":{"loc":{"start":{"line":167,"column":40},"end":{"line":167,"column":80}},"type":"binary-expr","locations":[{"start":{"line":167,"column":40},"end":{"line":167,"column":74}},{"start":{"line":167,"column":78},"end":{"line":167,"column":80}}]},"21":{"loc":{"start":{"line":171,"column":17},"end":{"line":171,"column":51}},"type":"binary-expr","locations":[{"start":{"line":171,"column":17},"end":{"line":171,"column":46}},{"start":{"line":171,"column":50},"end":{"line":171,"column":51}}]},"22":{"loc":{"start":{"line":173,"column":48},"end":{"line":173,"column":81}},"type":"binary-expr","locations":[{"start":{"line":173,"column":48},"end":{"line":173,"column":75}},{"start":{"line":173,"column":79},"end":{"line":173,"column":81}}]},"23":{"loc":{"start":{"line":174,"column":22},"end":{"line":174,"column":55}},"type":"binary-expr","locations":[{"start":{"line":174,"column":22},"end":{"line":174,"column":49}},{"start":{"line":174,"column":53},"end":{"line":174,"column":55}}]},"24":{"loc":{"start":{"line":187,"column":4},"end":{"line":187,"column":28}},"type":"if","locations":[{"start":{"line":187,"column":4},"end":{"line":187,"column":28}}]},"25":{"loc":{"start":{"line":188,"column":4},"end":{"line":188,"column":52}},"type":"if","locations":[{"start":{"line":188,"column":4},"end":{"line":188,"column":52}}]},"26":{"loc":{"start":{"line":189,"column":4},"end":{"line":189,"column":59}},"type":"if","locations":[{"start":{"line":189,"column":4},"end":{"line":189,"column":59}}]},"27":{"loc":{"start":{"line":189,"column":40},"end":{"line":189,"column":58}},"type":"binary-expr","locations":[{"start":{"line":189,"column":40},"end":{"line":189,"column":52}},{"start":{"line":189,"column":56},"end":{"line":189,"column":58}}]},"28":{"loc":{"start":{"line":190,"column":4},"end":{"line":192,"column":5}},"type":"if","locations":[{"start":{"line":190,"column":4},"end":{"line":192,"column":5}}]},"29":{"loc":{"start":{"line":199,"column":4},"end":{"line":205,"column":5}},"type":"if","locations":[{"start":{"line":199,"column":4},"end":{"line":205,"column":5}}]},"30":{"loc":{"start":{"line":209,"column":11},"end":{"line":209,"column":24}},"type":"binary-expr","locations":[{"start":{"line":209,"column":11},"end":{"line":209,"column":18}},{"start":{"line":209,"column":22},"end":{"line":209,"column":24}}]},"31":{"loc":{"start":{"line":227,"column":23},"end":{"line":227,"column":99}},"type":"binary-expr","locations":[{"start":{"line":227,"column":23},"end":{"line":227,"column":34}},{"start":{"line":227,"column":38},"end":{"line":227,"column":61}},{"start":{"line":227,"column":66},"end":{"line":227,"column":99}}]},"32":{"loc":{"start":{"line":228,"column":4},"end":{"line":241,"column":5}},"type":"if","locations":[{"start":{"line":228,"column":4},"end":{"line":241,"column":5}}]},"33":{"loc":{"start":{"line":231,"column":6},"end":{"line":233,"column":7}},"type":"if","locations":[{"start":{"line":231,"column":6},"end":{"line":233,"column":7}}]},"34":{"loc":{"start":{"line":231,"column":10},"end":{"line":231,"column":42}},"type":"binary-expr","locations":[{"start":{"line":231,"column":10},"end":{"line":231,"column":24}},{"start":{"line":231,"column":28},"end":{"line":231,"column":42}}]},"35":{"loc":{"start":{"line":234,"column":6},"end":{"line":236,"column":7}},"type":"if","locations":[{"start":{"line":234,"column":6},"end":{"line":236,"column":7}}]},"36":{"loc":{"start":{"line":237,"column":6},"end":{"line":239,"column":7}},"type":"if","locations":[{"start":{"line":237,"column":6},"end":{"line":239,"column":7}}]},"37":{"loc":{"start":{"line":240,"column":47},"end":{"line":240,"column":66}},"type":"binary-expr","locations":[{"start":{"line":240,"column":47},"end":{"line":240,"column":53}},{"start":{"line":240,"column":57},"end":{"line":240,"column":66}}]},"38":{"loc":{"start":{"line":242,"column":4},"end":{"line":242,"column":41}},"type":"if","locations":[{"start":{"line":242,"column":4},"end":{"line":242,"column":41}}]}},"s":{"0":1,"1":1,"2":10,"3":10,"4":10,"5":10,"6":10,"7":10,"8":4,"9":4,"10":1,"11":3,"12":3,"13":3,"14":0,"15":3,"16":3,"17":1,"18":1,"19":1,"20":1,"21":2,"22":3,"23":1,"24":2,"25":1,"26":1,"27":1,"28":1,"29":0,"30":1,"31":1,"32":1,"33":1,"34":1,"35":1,"36":1,"37":0,"38":3,"39":1,"40":2,"41":2,"42":2,"43":0,"44":2,"45":2,"46":2,"47":2,"48":1,"49":1,"50":1,"51":1,"52":1,"53":1,"54":4,"55":0,"56":4,"57":0,"58":4,"59":2,"60":2,"61":2,"62":2,"63":0,"64":1,"65":1,"66":0,"67":0,"68":0,"69":1,"70":1,"71":1,"72":2,"73":3,"74":3,"75":2,"76":2,"77":2,"78":1,"79":1,"80":1,"81":0,"82":0,"83":0,"84":1,"85":1,"86":0,"87":1},"f":{"0":10,"1":4,"2":3,"3":1,"4":3,"5":4,"6":2,"7":1,"8":0,"9":2,"10":3},"b":{"0":[1],"1":[0],"2":[1,0],"3":[1,0],"4":[1,0],"5":[1,0],"6":[0],"7":[1],"8":[1],"9":[0],"10":[1,0],"11":[1,0],"12":[1,0],"13":[1,0],"14":[1,0],"15":[1],"16":[0],"17":[2,0],"18":[1],"19":[2,2],"20":[1,0],"21":[1,0],"22":[1,0],"23":[1,0],"24":[0],"25":[0],"26":[2],"27":[2,0],"28":[2],"29":[0],"30":[1,0],"31":[3,3,3],"32":[2],"33":[1],"34":[2,1],"35":[1],"36":[0],"37":[0,0],"38":[1]}}
,"D:\\source2026\\mco\\mcp-server\\src\\file:\\D:\\source2026\\mco\\mcp-server\\src\\config.ts": {"path":"D:\\source2026\\mco\\mcp-server\\src\\file:\\D:\\source2026\\mco\\mcp-server\\src\\config.ts","statementMap":{"0":{"start":{"line":23,"column":0},"end":{"line":23,"column":16}},"1":{"start":{"line":1,"column":0},"end":{"line":1,"column":23}},"2":{"start":{"line":2,"column":0},"end":{"line":2,"column":24}},"3":{"start":{"line":4,"column":21},"end":{"line":14,"column":2}},"4":{"start":{"line":19,"column":2},"end":{"line":19,"column":24}},"5":{"start":{"line":19,"column":14},"end":{"line":19,"column":24}},"6":{"start":{"line":20,"column":2},"end":{"line":20,"column":63}},"7":{"start":{"line":20,"column":37},"end":{"line":20,"column":45}},"8":{"start":{"line":24,"column":14},"end":{"line":34,"column":4}},"9":{"start":{"line":36,"column":17},"end":{"line":36,"column":44}},"10":{"start":{"line":37,"column":2},"end":{"line":40,"column":3}},"11":{"start":{"line":38,"column":19},"end":{"line":38,"column":99}},"12":{"start":{"line":38,"column":50},"end":{"line":38,"column":87}},"13":{"start":{"line":39,"column":4},"end":{"line":39,"column":68}},"14":{"start":{"line":41,"column":2},"end":{"line":41,"column":21}}},"fnMap":{"0":{"name":"parseCommaSeparated","decl":{"start":{"line":18,"column":9},"end":{"line":18,"column":28}},"loc":{"start":{"line":18,"column":54},"end":{"line":21,"column":1}}},"1":{"name":"(anonymous_1)","decl":{"start":{"line":20,"column":30},"end":{"line":20,"column":31}},"loc":{"start":{"line":20,"column":37},"end":{"line":20,"column":45}}},"2":{"name":"loadConfig","decl":{"start":{"line":23,"column":16},"end":{"line":23,"column":26}},"loc":{"start":{"line":23,"column":26},"end":{"line":42,"column":1}}},"3":{"name":"(anonymous_3)","decl":{"start":{"line":38,"column":43},"end":{"line":38,"column":44}},"loc":{"start":{"line":38,"column":50},"end":{"line":38,"column":87}}}},"branchMap":{"0":{"loc":{"start":{"line":19,"column":2},"end":{"line":19,"column":24}},"type":"if","locations":[{"start":{"line":19,"column":2},"end":{"line":19,"column":24}}]},"1":{"loc":{"start":{"line":31,"column":30},"end":{"line":31,"column":68}},"type":"binary-expr","locations":[{"start":{"line":31,"column":30},"end":{"line":31,"column":59}},{"start":{"line":31,"column":63},"end":{"line":31,"column":68}}]},"2":{"loc":{"start":{"line":32,"column":31},"end":{"line":32,"column":71}},"type":"binary-expr","locations":[{"start":{"line":32,"column":31},"end":{"line":32,"column":61}},{"start":{"line":32,"column":65},"end":{"line":32,"column":71}}]},"3":{"loc":{"start":{"line":33,"column":34},"end":{"line":33,"column":78}},"type":"binary-expr","locations":[{"start":{"line":33,"column":34},"end":{"line":33,"column":68}},{"start":{"line":33,"column":72},"end":{"line":33,"column":78}}]},"4":{"loc":{"start":{"line":37,"column":2},"end":{"line":40,"column":3}},"type":"if","locations":[{"start":{"line":37,"column":2},"end":{"line":40,"column":3}}]}},"s":{"0":0,"1":0,"2":0,"3":0,"4":0,"5":0,"6":0,"7":0,"8":0,"9":0,"10":0,"11":0,"12":0,"13":0,"14":0},"f":{"0":0,"1":0,"2":0,"3":0},"b":{"0":[0],"1":[0,0],"2":[0,0],"3":[0,0],"4":[0]}}
,"D:\\source2026\\mco\\mcp-server\\src\\file:\\D:\\source2026\\mco\\mcp-server\\src\\schemas.ts": {"path":"D:\\source2026\\mco\\mcp-server\\src\\file:\\D:\\source2026\\mco\\mcp-server\\src\\schemas.ts","statementMap":{"0":{"start":{"line":1,"column":0},"end":{"line":1,"column":24}},"1":{"start":{"line":5,"column":13},"end":{"line":10,"column":3}},"2":{"start":{"line":13,"column":13},"end":{"line":31,"column":3}},"3":{"start":{"line":34,"column":13},"end":{"line":39,"column":3}},"4":{"start":{"line":42,"column":13},"end":{"line":51,"column":3}}},"fnMap":{},"branchMap":{},"s":{"0":0,"1":0,"2":0,"3":0,"4":0},"f":{},"b":{}}
}
