TN:
SF:src\file:\D:\source2026\mco\mcp-server\src\atlassianClient.ts
FN:48,(anonymous_1)
FN:75,(anonymous_2)
FN:110,(anonymous_3)
FN:132,(anonymous_4)
FN:148,(anonymous_5)
FN:186,(anonymous_6)
FN:191,(anonymous_7)
FN:196,(anonymous_8)
FN:203,(anonymous_9)
FN:212,(anonymous_10)
FN:226,(anonymous_11)
FNF:11
FNH:10
FNDA:10,(anonymous_1)
FNDA:4,(anonymous_2)
FNDA:3,(anonymous_3)
FNDA:1,(anonymous_4)
FNDA:3,(anonymous_5)
FNDA:4,(anonymous_6)
FNDA:2,(anonymous_7)
FNDA:1,(anonymous_8)
FNDA:0,(anonymous_9)
FNDA:2,(anonymous_10)
FNDA:3,(anonymous_11)
DA:1,1
DA:2,1
DA:42,1
DA:49,10
DA:50,10
DA:52,10
DA:55,10
DA:60,10
DA:66,10
DA:76,4
DA:77,4
DA:78,1
DA:81,3
DA:82,3
DA:83,3
DA:85,3
DA:86,3
DA:90,1
DA:91,1
DA:101,1
DA:102,1
DA:104,2
DA:115,3
DA:116,1
DA:118,2
DA:119,1
DA:122,1
DA:123,1
DA:124,1
DA:126,1
DA:127,1
DA:128,1
DA:132,1
DA:141,1
DA:142,1
DA:144,0
DA:149,3
DA:150,1
DA:153,2
DA:154,2
DA:155,2
DA:157,2
DA:158,2
DA:162,2
DA:163,2
DA:164,1
DA:167,1
DA:168,1
DA:177,1
DA:178,1
DA:180,1
DA:187,4
DA:188,4
DA:189,4
DA:190,2
DA:191,2
DA:193,0
DA:198,1
DA:199,1
DA:200,0
DA:201,0
DA:203,0
DA:207,1
DA:208,1
DA:209,1
DA:213,2
DA:227,3
DA:228,3
DA:229,2
DA:230,2
DA:231,2
DA:232,1
DA:234,1
DA:235,1
DA:237,0
DA:238,0
DA:240,0
DA:242,1
DA:243,0
LF:79
LH:70
BRDA:77,0,0,1
BRDA:83,1,0,0
BRDA:93,2,0,1
BRDA:93,2,1,0
BRDA:96,3,0,1
BRDA:96,3,1,0
BRDA:97,4,0,1
BRDA:97,4,1,0
BRDA:98,5,0,1
BRDA:98,5,1,0
BRDA:113,6,0,0
BRDA:115,7,0,1
BRDA:118,8,0,1
BRDA:124,9,0,0
BRDA:132,10,0,1
BRDA:132,10,1,0
BRDA:135,11,0,1
BRDA:135,11,1,0
BRDA:136,12,0,1
BRDA:136,12,1,0
BRDA:137,13,0,1
BRDA:137,13,1,0
BRDA:138,14,0,1
BRDA:138,14,1,0
BRDA:149,15,0,1
BRDA:155,16,0,0
BRDA:162,17,0,2
BRDA:162,17,1,0
BRDA:163,18,0,1
BRDA:163,19,0,2
BRDA:163,19,1,2
BRDA:167,20,0,1
BRDA:167,20,1,0
BRDA:171,21,0,1
BRDA:171,21,1,0
BRDA:173,22,0,1
BRDA:173,22,1,0
BRDA:174,23,0,1
BRDA:174,23,1,0
BRDA:187,24,0,0
BRDA:188,25,0,0
BRDA:189,26,0,2
BRDA:189,27,0,2
BRDA:189,27,1,0
BRDA:190,28,0,2
BRDA:199,29,0,0
BRDA:209,30,0,1
BRDA:209,30,1,0
BRDA:227,31,0,3
BRDA:227,31,1,3
BRDA:227,31,2,3
BRDA:228,32,0,2
BRDA:231,33,0,1
BRDA:231,34,0,2
BRDA:231,34,1,1
BRDA:234,35,0,1
BRDA:237,36,0,0
BRDA:240,37,0,0
BRDA:240,37,1,0
BRDA:242,38,0,1
BRF:60
BRH:34
end_of_record
TN:
SF:src\file:\D:\source2026\mco\mcp-server\src\config.ts
FN:18,parseCommaSeparated
FN:20,(anonymous_1)
FN:23,loadConfig
FN:38,(anonymous_3)
FNF:4
FNH:0
FNDA:0,parseCommaSeparated
FNDA:0,(anonymous_1)
FNDA:0,loadConfig
FNDA:0,(anonymous_3)
DA:1,0
DA:2,0
DA:4,0
DA:19,0
DA:20,0
DA:23,0
DA:24,0
DA:36,0
DA:37,0
DA:38,0
DA:39,0
DA:41,0
LF:12
LH:0
BRDA:19,0,0,0
BRDA:31,1,0,0
BRDA:31,1,1,0
BRDA:32,2,0,0
BRDA:32,2,1,0
BRDA:33,3,0,0
BRDA:33,3,1,0
BRDA:37,4,0,0
BRF:8
BRH:0
end_of_record
TN:
SF:src\file:\D:\source2026\mco\mcp-server\src\schemas.ts
FNF:0
FNH:0
DA:1,0
DA:5,0
DA:13,0
DA:34,0
DA:42,0
LF:5
LH:0
BRF:0
BRH:0
end_of_record
